<?xml version="1.0" encoding="UTF-8"?>
<testng-results ignored="0" total="2" passed="2" failed="0" skipped="0">
  <reporter-output>
  </reporter-output>
  <suite started-at="2019-07-17T07:02:45Z" name="Suite" finished-at="2019-07-17T07:03:32Z" duration-ms="46903">
    <groups>
    </groups>
    <test started-at="2019-07-17T07:02:45Z" name="document" finished-at="2019-07-17T07:03:32Z" duration-ms="46903">
      <class name="document.documentTest">
        <test-method is-config="true" signature="SetUp()[pri:0, instance:document.documentTest@574b560f]" started-at="2019-07-17T07:02:45Z" name="SetUp" finished-at="2019-07-17T07:03:07Z" duration-ms="21866" status="PASS">
          <reporter-output>
          </reporter-output>
        </test-method> <!-- SetUp -->
        <test-method signature="openDoc()[pri:1, instance:document.documentTest@574b560f]" started-at="2019-07-17T07:03:07Z" name="openDoc" finished-at="2019-07-17T07:03:13Z" duration-ms="6697" status="PASS">
          <reporter-output>
          </reporter-output>
        </test-method> <!-- openDoc -->
        <test-method signature="documentsMulitipleChoice()[pri:2, instance:document.documentTest@574b560f]" started-at="2019-07-17T07:03:13Z" name="documentsMulitipleChoice" finished-at="2019-07-17T07:03:31Z" duration-ms="17651" status="PASS">
          <reporter-output>
          </reporter-output>
        </test-method> <!-- documentsMulitipleChoice -->
        <test-method is-config="true" signature="after()[pri:0, instance:document.documentTest@574b560f]" started-at="2019-07-17T07:03:31Z" name="after" finished-at="2019-07-17T07:03:32Z" duration-ms="649" status="PASS">
          <reporter-output>
          </reporter-output>
        </test-method> <!-- after -->
      </class> <!-- document.documentTest -->
    </test> <!-- document -->
  </suite> <!-- Suite -->
</testng-results>
